<?xml version="1.0" encoding="UTF-8"?>
<testsuite name="com.example.LoginTest" tests="1" skipped="0" failures="0" errors="0" timestamp="2019-08-25T21:35:26" hostname="C02W5834HTD6" time="16.345">
  <properties/>
  <testcase name="loginTest" classname="com.example.LoginTest" time="16.345"/>
  <system-out><![CDATA[]]></system-out>
  <system-err><![CDATA[]]></system-err>
</testsuite>
